<?xml version="1.0" encoding="utf-8"?><testsuites name="pytest tests"><testsuite name="pytest" errors="0" failures="0" skipped="0" tests="12" time="1.602" timestamp="2026-09-24T12:20:22.056255+00:00" hostname="agent-env-6e177a98-be2d-4dc8-8476-3ca8a53e42aa"><testcase classname="tests.backend_test.TestProducts" name="test_list_all" time="0.281" /><testcase classname="tests.backend_test.TestOrders" name="test_create_order_valid" time="0.361" /><testcase classname="tests.backend_test.TestProducts" name="test_filter_bijoux" time="0.154" /><testcase classname="tests.backend_test.TestOrders" name="test_create_order_empty_items" time="0.168" /><testcase classname="tests.backend_test.TestProducts" name="test_filter_tous" time="0.120" /><testcase classname="tests.backend_test.TestContact" name="test_contact_valid" time="0.122" /><testcase classname="tests.backend_test.TestProducts" name="test_featured" time="0.114" /><testcase classname="tests.backend_test.TestContact" name="test_contact_invalid_email" time="0.180" /><testcase classname="tests.backend_test.TestProducts" name="test_get_by_id" time="0.131" /><testcase classname="tests.backend_test.TestProducts" name="test_unknown_id_404" time="0.118" /><testcase classname="tests.backend_test.TestNewsletter" name="test_newsletter_valid" time="0.149" /><testcase classname="tests.backend_test.TestNewsletter" name="test_newsletter_invalid" time="0.112" /></testsuite></testsuites>