<?xml version="1.0" encoding="utf-8"?><testsuites name="pytest tests"><testsuite name="pytest" errors="0" failures="0" skipped="0" tests="13" time="1.936" timestamp="2026-09-24T14:28:40.682389+00:00" hostname="agent-env-6e177a98-be2d-4dc8-8476-3ca8a53e42aa"><testcase classname="tests.backend_test.TestProducts" name="test_list_all" time="0.326" /><testcase classname="tests.backend_test.TestOrders" name="test_create_order_valid" time="0.297" /><testcase classname="tests.backend_test.TestOrders" name="test_create_order_empty_items" time="0.163" /><testcase classname="tests.backend_test.TestProducts" name="test_filter_bijoux" time="0.133" /><testcase classname="tests.backend_test.TestProducts" name="test_filter_tous" time="0.112" /><testcase classname="tests.backend_test.TestContact" name="test_contact_valid" time="0.171" /><testcase classname="tests.backend_test.TestProducts" name="test_featured" time="0.126" /><testcase classname="tests.backend_test.TestContact" name="test_contact_invalid_email" time="0.118" /><testcase classname="tests.backend_test.TestProducts" name="test_get_by_id" time="0.148" /><testcase classname="tests.backend_test.TestNewsletter" name="test_newsletter_valid" time="0.686" /><testcase classname="tests.backend_test.TestProducts" name="test_unknown_id_404" time="0.147" /><testcase classname="tests.backend_test.TestRoot" name="test_root_message" time="0.125" /><testcase classname="tests.backend_test.TestNewsletter" name="test_newsletter_invalid" time="0.155" /></testsuite></testsuites>